<?xml version="1.0" encoding="UTF-8"?>
<coverage generated="1766273311752" clover="3.2.0">
  <project timestamp="1766273311752" name="All files">
    <metrics statements="53" coveredstatements="50" conditionals="11" coveredconditionals="7" methods="23" coveredmethods="21" elements="87" coveredelements="78" complexity="0" loc="53" ncloc="53" packages="8" files="10" classes="10"/>
    <package name="src">
      <metrics statements="2" coveredstatements="2" conditionals="0" coveredconditionals="0" methods="1" coveredmethods="1"/>
      <file name="GifsApp.tsx" path="C:\Users\budni\OneDrive\Desktop\Proyectos\React\gifs-app\src\GifsApp.tsx">
        <metrics statements="2" coveredstatements="2" conditionals="0" coveredconditionals="0" methods="1" coveredmethods="1"/>
        <line num="7" count="1" type="stmt"/>
        <line num="9" count="1" type="stmt"/>
      </file>
    </package>
    <package name="src.counter.components">
      <metrics statements="2" coveredstatements="2" conditionals="0" coveredconditionals="0" methods="1" coveredmethods="1"/>
      <file name="MyCounterApp.tsx" path="C:\Users\budni\OneDrive\Desktop\Proyectos\React\gifs-app\src\counter\components\MyCounterApp.tsx">
        <metrics statements="2" coveredstatements="2" conditionals="0" coveredconditionals="0" methods="1" coveredmethods="1"/>
        <line num="3" count="2" type="stmt"/>
        <line num="5" count="5" type="stmt"/>
      </file>
    </package>
    <package name="src.counter.hooks">
      <metrics statements="9" coveredstatements="9" conditionals="1" coveredconditionals="1" methods="5" coveredmethods="5"/>
      <file name="useCounter.tsx" path="C:\Users\budni\OneDrive\Desktop\Proyectos\React\gifs-app\src\counter\hooks\useCounter.tsx">
        <metrics statements="9" coveredstatements="9" conditionals="1" coveredconditionals="1" methods="5" coveredmethods="5"/>
        <line num="3" count="2" type="cond" truecount="1" falsecount="0"/>
        <line num="4" count="9" type="stmt"/>
        <line num="6" count="9" type="stmt"/>
        <line num="7" count="2" type="stmt"/>
        <line num="10" count="9" type="stmt"/>
        <line num="11" count="1" type="stmt"/>
        <line num="14" count="9" type="stmt"/>
        <line num="15" count="1" type="stmt"/>
        <line num="18" count="9" type="stmt"/>
      </file>
    </package>
    <package name="src.gifs.actions">
      <metrics statements="4" coveredstatements="4" conditionals="0" coveredconditionals="0" methods="2" coveredmethods="2"/>
      <file name="get-gifs-by-query.action.ts" path="C:\Users\budni\OneDrive\Desktop\Proyectos\React\gifs-app\src\gifs\actions\get-gifs-by-query.action.ts">
        <metrics statements="4" coveredstatements="4" conditionals="0" coveredconditionals="0" methods="2" coveredmethods="2"/>
        <line num="5" count="2" type="stmt"/>
        <line num="6" count="3" type="stmt"/>
        <line num="13" count="3" type="stmt"/>
        <line num="14" count="30" type="stmt"/>
      </file>
    </package>
    <package name="src.gifs.api">
      <metrics statements="1" coveredstatements="1" conditionals="0" coveredconditionals="0" methods="0" coveredmethods="0"/>
      <file name="giphy.api.ts" path="C:\Users\budni\OneDrive\Desktop\Proyectos\React\gifs-app\src\gifs\api\giphy.api.ts">
        <metrics statements="1" coveredstatements="1" conditionals="0" coveredconditionals="0" methods="0" coveredmethods="0"/>
        <line num="3" count="3" type="stmt"/>
      </file>
    </package>
    <package name="src.gifs.components">
      <metrics statements="3" coveredstatements="2" conditionals="0" coveredconditionals="0" methods="3" coveredmethods="2"/>
      <file name="GifsList.tsx" path="C:\Users\budni\OneDrive\Desktop\Proyectos\React\gifs-app\src\gifs\components\GifsList.tsx">
        <metrics statements="1" coveredstatements="1" conditionals="0" coveredconditionals="0" methods="1" coveredmethods="1"/>
        <line num="8" count="1" type="stmt"/>
      </file>
      <file name="PreviousSearches.tsx" path="C:\Users\budni\OneDrive\Desktop\Proyectos\React\gifs-app\src\gifs\components\PreviousSearches.tsx">
        <metrics statements="2" coveredstatements="1" conditionals="0" coveredconditionals="0" methods="2" coveredmethods="1"/>
        <line num="8" count="1" type="stmt"/>
        <line num="15" count="0" type="stmt"/>
      </file>
    </package>
    <package name="src.gifs.hooks">
      <metrics statements="20" coveredstatements="20" conditionals="7" coveredconditionals="5" methods="3" coveredmethods="3"/>
      <file name="useGifs.tsx" path="C:\Users\budni\OneDrive\Desktop\Proyectos\React\gifs-app\src\gifs\hooks\useGifs.tsx">
        <metrics statements="20" coveredstatements="20" conditionals="7" coveredconditionals="5" methods="3" coveredmethods="3"/>
        <line num="6" count="2" type="stmt"/>
        <line num="12" count="18" type="stmt"/>
        <line num="13" count="18" type="stmt"/>
        <line num="17" count="18" type="stmt"/>
        <line num="19" count="18" type="stmt"/>
        <line num="20" count="3" type="cond" truecount="2" falsecount="0"/>
        <line num="21" count="1" type="stmt"/>
        <line num="22" count="1" type="stmt"/>
        <line num="25" count="2" type="stmt"/>
        <line num="26" count="2" type="stmt"/>
        <line num="27" count="2" type="stmt"/>
        <line num="31" count="18" type="cond" truecount="1" falsecount="0"/>
        <line num="33" count="9" type="stmt"/>
        <line num="35" count="9" type="cond" truecount="1" falsecount="1"/>
        <line num="37" count="9" type="cond" truecount="1" falsecount="1"/>
        <line num="38" count="9" type="stmt"/>
        <line num="41" count="9" type="stmt"/>
        <line num="43" count="9" type="stmt"/>
        <line num="45" count="9" type="stmt"/>
        <line num="48" count="18" type="stmt"/>
      </file>
    </package>
    <package name="src.shared.components">
      <metrics statements="12" coveredstatements="10" conditionals="3" coveredconditionals="1" methods="8" coveredmethods="7"/>
      <file name="CustomHeader.tsx" path="C:\Users\budni\OneDrive\Desktop\Proyectos\React\gifs-app\src\shared\components\CustomHeader.tsx">
        <metrics statements="1" coveredstatements="1" conditionals="0" coveredconditionals="0" methods="1" coveredmethods="1"/>
        <line num="6" count="2" type="stmt"/>
      </file>
      <file name="SearchBar.tsx" path="C:\Users\budni\OneDrive\Desktop\Proyectos\React\gifs-app\src\shared\components\SearchBar.tsx">
        <metrics statements="11" coveredstatements="9" conditionals="3" coveredconditionals="1" methods="7" coveredmethods="6"/>
        <line num="12" count="2" type="cond" truecount="1" falsecount="0"/>
        <line num="15" count="11" type="stmt"/>
        <line num="18" count="11" type="stmt"/>
        <line num="21" count="11" type="stmt"/>
        <line num="26" count="11" type="stmt"/>
        <line num="33" count="11" type="stmt"/>
        <line num="34" count="1" type="stmt"/>
        <line num="38" count="11" type="stmt"/>
        <line num="39" count="0" type="cond" truecount="0" falsecount="2"/>
        <line num="40" count="0" type="stmt"/>
        <line num="50" count="6" type="stmt"/>
      </file>
    </package>
  </project>
</coverage>
