{"C:\\Users\\budni\\OneDrive\\Desktop\\Proyectos\\React\\gifs-app\\src\\GifsApp.tsx": {"path":"C:\\Users\\budni\\OneDrive\\Desktop\\Proyectos\\React\\gifs-app\\src\\GifsApp.tsx","statementMap":{"0":{"start":{"line":7,"column":23},"end":{"line":33,"column":null}},"1":{"start":{"line":9,"column":77},"end":{"line":9,"column":null}}},"fnMap":{"0":{"name":"(anonymous_0)","decl":{"start":{"line":7,"column":23},"end":{"line":7,"column":null}},"loc":{"start":{"line":7,"column":23},"end":{"line":33,"column":null}},"line":7}},"branchMap":{},"s":{"0":1,"1":1},"f":{"0":1},"b":{},"meta":{"lastBranch":0,"lastFunction":1,"lastStatement":2,"seen":{"s:7:23:33:Infinity":0,"f:7:23:7:Infinity":0,"s:9:77:9:Infinity":1}}}
,"C:\\Users\\budni\\OneDrive\\Desktop\\Proyectos\\React\\gifs-app\\src\\counter\\components\\MyCounterApp.tsx": {"path":"C:\\Users\\budni\\OneDrive\\Desktop\\Proyectos\\React\\gifs-app\\src\\counter\\components\\MyCounterApp.tsx","statementMap":{"0":{"start":{"line":3,"column":28},"end":{"line":20,"column":null}},"1":{"start":{"line":5,"column":64},"end":{"line":5,"column":null}}},"fnMap":{"0":{"name":"(anonymous_0)","decl":{"start":{"line":3,"column":28},"end":{"line":3,"column":null}},"loc":{"start":{"line":3,"column":28},"end":{"line":20,"column":null}},"line":3}},"branchMap":{},"s":{"0":2,"1":5},"f":{"0":5},"b":{},"meta":{"lastBranch":0,"lastFunction":1,"lastStatement":2,"seen":{"s:3:28:20:Infinity":0,"f:3:28:3:Infinity":0,"s:5:64:5:Infinity":1}}}
,"C:\\Users\\budni\\OneDrive\\Desktop\\Proyectos\\React\\gifs-app\\src\\counter\\hooks\\useCounter.tsx": {"path":"C:\\Users\\budni\\OneDrive\\Desktop\\Proyectos\\React\\gifs-app\\src\\counter\\hooks\\useCounter.tsx","statementMap":{"0":{"start":{"line":3,"column":26},"end":{"line":26,"column":null}},"1":{"start":{"line":4,"column":31},"end":{"line":4,"column":null}},"2":{"start":{"line":6,"column":23},"end":{"line":8,"column":null}},"3":{"start":{"line":7,"column":8},"end":{"line":7,"column":null}},"4":{"start":{"line":10,"column":29},"end":{"line":12,"column":null}},"5":{"start":{"line":11,"column":8},"end":{"line":11,"column":null}},"6":{"start":{"line":11,"column":34},"end":{"line":11,"column":null}},"7":{"start":{"line":14,"column":25},"end":{"line":16,"column":null}},"8":{"start":{"line":15,"column":8},"end":{"line":15,"column":null}},"9":{"start":{"line":18,"column":4},"end":{"line":25,"column":null}}},"fnMap":{"0":{"name":"(anonymous_0)","decl":{"start":{"line":3,"column":26},"end":{"line":3,"column":27}},"loc":{"start":{"line":3,"column":52},"end":{"line":26,"column":null}},"line":3},"1":{"name":"(anonymous_1)","decl":{"start":{"line":6,"column":23},"end":{"line":6,"column":null}},"loc":{"start":{"line":6,"column":23},"end":{"line":8,"column":null}},"line":6},"2":{"name":"(anonymous_2)","decl":{"start":{"line":10,"column":29},"end":{"line":10,"column":null}},"loc":{"start":{"line":10,"column":29},"end":{"line":12,"column":null}},"line":10},"3":{"name":"(anonymous_3)","decl":{"start":{"line":11,"column":19},"end":{"line":11,"column":20}},"loc":{"start":{"line":11,"column":34},"end":{"line":11,"column":null}},"line":11},"4":{"name":"(anonymous_4)","decl":{"start":{"line":14,"column":25},"end":{"line":14,"column":null}},"loc":{"start":{"line":14,"column":25},"end":{"line":16,"column":null}},"line":14}},"branchMap":{"0":{"loc":{"start":{"line":3,"column":27},"end":{"line":3,"column":52}},"type":"default-arg","locations":[{"start":{"line":3,"column":50},"end":{"line":3,"column":52}}],"line":3}},"s":{"0":2,"1":9,"2":9,"3":2,"4":9,"5":1,"6":1,"7":9,"8":1,"9":9},"f":{"0":9,"1":2,"2":1,"3":1,"4":1},"b":{"0":[9]},"meta":{"lastBranch":1,"lastFunction":5,"lastStatement":10,"seen":{"s:3:26:26:Infinity":0,"f:3:26:3:27":0,"b:3:50:3:52":0,"s:4:31:4:Infinity":1,"s:6:23:8:Infinity":2,"f:6:23:6:Infinity":1,"s:7:8:7:Infinity":3,"s:10:29:12:Infinity":4,"f:10:29:10:Infinity":2,"s:11:8:11:Infinity":5,"f:11:19:11:20":3,"s:11:34:11:Infinity":6,"s:14:25:16:Infinity":7,"f:14:25:14:Infinity":4,"s:15:8:15:Infinity":8,"s:18:4:25:Infinity":9}}}
,"C:\\Users\\budni\\OneDrive\\Desktop\\Proyectos\\React\\gifs-app\\src\\gifs\\actions\\get-gifs-by-query.action.ts": {"path":"C:\\Users\\budni\\OneDrive\\Desktop\\Proyectos\\React\\gifs-app\\src\\gifs\\actions\\get-gifs-by-query.action.ts","statementMap":{"0":{"start":{"line":5,"column":30},"end":{"line":22,"column":null}},"1":{"start":{"line":6,"column":21},"end":{"line":11,"column":null}},"2":{"start":{"line":13,"column":4},"end":{"line":20,"column":null}},"3":{"start":{"line":14,"column":8},"end":{"line":20,"column":null}}},"fnMap":{"0":{"name":"(anonymous_0)","decl":{"start":{"line":5,"column":30},"end":{"line":5,"column":37}},"loc":{"start":{"line":5,"column":37},"end":{"line":22,"column":null}},"line":5},"1":{"name":"(anonymous_1)","decl":{"start":{"line":13,"column":34},"end":{"line":13,"column":35}},"loc":{"start":{"line":14,"column":8},"end":{"line":20,"column":null}},"line":14}},"branchMap":{},"s":{"0":2,"1":3,"2":3,"3":30},"f":{"0":3,"1":30},"b":{},"meta":{"lastBranch":0,"lastFunction":2,"lastStatement":4,"seen":{"s:5:30:22:Infinity":0,"f:5:30:5:37":0,"s:6:21:11:Infinity":1,"s:13:4:20:Infinity":2,"f:13:34:13:35":1,"s:14:8:20:Infinity":3}}}
,"C:\\Users\\budni\\OneDrive\\Desktop\\Proyectos\\React\\gifs-app\\src\\gifs\\api\\giphy.api.ts": {"path":"C:\\Users\\budni\\OneDrive\\Desktop\\Proyectos\\React\\gifs-app\\src\\gifs\\api\\giphy.api.ts","statementMap":{"0":{"start":{"line":3,"column":24},"end":{"line":9,"column":null}}},"fnMap":{},"branchMap":{},"s":{"0":3},"f":{},"b":{},"meta":{"lastBranch":0,"lastFunction":0,"lastStatement":1,"seen":{"s:3:24:9:Infinity":0}}}
,"C:\\Users\\budni\\OneDrive\\Desktop\\Proyectos\\React\\gifs-app\\src\\gifs\\components\\GifsList.tsx": {"path":"C:\\Users\\budni\\OneDrive\\Desktop\\Proyectos\\React\\gifs-app\\src\\gifs\\components\\GifsList.tsx","statementMap":{"0":{"start":{"line":8,"column":35},"end":{"line":25,"column":null}}},"fnMap":{"0":{"name":"(anonymous_0)","decl":{"start":{"line":8,"column":35},"end":{"line":8,"column":36}},"loc":{"start":{"line":8,"column":44},"end":{"line":25,"column":null}},"line":8}},"branchMap":{},"s":{"0":1},"f":{"0":1},"b":{},"meta":{"lastBranch":0,"lastFunction":1,"lastStatement":1,"seen":{"s:8:35:25:Infinity":0,"f:8:35:8:36":0}}}
,"C:\\Users\\budni\\OneDrive\\Desktop\\Proyectos\\React\\gifs-app\\src\\gifs\\components\\PreviousSearches.tsx": {"path":"C:\\Users\\budni\\OneDrive\\Desktop\\Proyectos\\React\\gifs-app\\src\\gifs\\components\\PreviousSearches.tsx","statementMap":{"0":{"start":{"line":8,"column":43},"end":{"line":22,"column":null}},"1":{"start":{"line":15,"column":41},"end":{"line":15,"column":null}}},"fnMap":{"0":{"name":"(anonymous_0)","decl":{"start":{"line":8,"column":43},"end":{"line":8,"column":44}},"loc":{"start":{"line":8,"column":72},"end":{"line":22,"column":null}},"line":8},"1":{"name":"(anonymous_1)","decl":{"start":{"line":15,"column":35},"end":{"line":15,"column":41}},"loc":{"start":{"line":15,"column":41},"end":{"line":15,"column":null}},"line":15}},"branchMap":{},"s":{"0":1,"1":0},"f":{"0":1,"1":0},"b":{},"meta":{"lastBranch":0,"lastFunction":2,"lastStatement":2,"seen":{"s:8:43:22:Infinity":0,"f:8:43:8:44":0,"f:15:35:15:41":1,"s:15:41:15:Infinity":1}}}
,"C:\\Users\\budni\\OneDrive\\Desktop\\Proyectos\\React\\gifs-app\\src\\gifs\\hooks\\useGifs.tsx": {"path":"C:\\Users\\budni\\OneDrive\\Desktop\\Proyectos\\React\\gifs-app\\src\\gifs\\hooks\\useGifs.tsx","statementMap":{"0":{"start":{"line":6,"column":23},"end":{"line":57,"column":null}},"1":{"start":{"line":12,"column":43},"end":{"line":12,"column":null}},"2":{"start":{"line":13,"column":48},"end":{"line":13,"column":null}},"3":{"start":{"line":17,"column":10},"end":{"line":17,"column":null}},"4":{"start":{"line":19,"column":30},"end":{"line":29,"column":null}},"5":{"start":{"line":20,"column":8},"end":{"line":23,"column":null}},"6":{"start":{"line":21,"column":12},"end":{"line":21,"column":null}},"7":{"start":{"line":22,"column":12},"end":{"line":22,"column":null}},"8":{"start":{"line":25,"column":21},"end":{"line":25,"column":null}},"9":{"start":{"line":26,"column":8},"end":{"line":26,"column":null}},"10":{"start":{"line":27,"column":8},"end":{"line":27,"column":null}},"11":{"start":{"line":31,"column":25},"end":{"line":46,"column":null}},"12":{"start":{"line":33,"column":21},"end":{"line":33,"column":null}},"13":{"start":{"line":35,"column":8},"end":{"line":35,"column":null}},"14":{"start":{"line":35,"column":31},"end":{"line":35,"column":null}},"15":{"start":{"line":37,"column":8},"end":{"line":37,"column":null}},"16":{"start":{"line":37,"column":42},"end":{"line":37,"column":null}},"17":{"start":{"line":38,"column":8},"end":{"line":38,"column":null}},"18":{"start":{"line":41,"column":21},"end":{"line":41,"column":null}},"19":{"start":{"line":43,"column":8},"end":{"line":43,"column":null}},"20":{"start":{"line":45,"column":8},"end":{"line":45,"column":null}},"21":{"start":{"line":48,"column":4},"end":{"line":56,"column":null}}},"fnMap":{"0":{"name":"(anonymous_0)","decl":{"start":{"line":6,"column":23},"end":{"line":6,"column":null}},"loc":{"start":{"line":6,"column":23},"end":{"line":57,"column":null}},"line":6},"1":{"name":"(anonymous_1)","decl":{"start":{"line":19,"column":30},"end":{"line":19,"column":37}},"loc":{"start":{"line":19,"column":37},"end":{"line":29,"column":null}},"line":19},"2":{"name":"(anonymous_2)","decl":{"start":{"line":31,"column":25},"end":{"line":31,"column":32}},"loc":{"start":{"line":31,"column":50},"end":{"line":46,"column":null}},"line":31}},"branchMap":{"0":{"loc":{"start":{"line":20,"column":8},"end":{"line":23,"column":null}},"type":"if","locations":[{"start":{"line":20,"column":8},"end":{"line":23,"column":null}},{"start":{},"end":{}}],"line":20},"1":{"loc":{"start":{"line":31,"column":32},"end":{"line":31,"column":50}},"type":"default-arg","locations":[{"start":{"line":31,"column":48},"end":{"line":31,"column":50}}],"line":31},"2":{"loc":{"start":{"line":35,"column":8},"end":{"line":35,"column":null}},"type":"if","locations":[{"start":{"line":35,"column":8},"end":{"line":35,"column":null}},{"start":{},"end":{}}],"line":35},"3":{"loc":{"start":{"line":37,"column":8},"end":{"line":37,"column":null}},"type":"if","locations":[{"start":{"line":37,"column":8},"end":{"line":37,"column":null}},{"start":{},"end":{}}],"line":37}},"s":{"0":2,"1":18,"2":18,"3":18,"4":18,"5":3,"6":1,"7":1,"8":2,"9":2,"10":2,"11":18,"12":9,"13":9,"14":0,"15":9,"16":0,"17":9,"18":9,"19":9,"20":9,"21":18},"f":{"0":18,"1":3,"2":9},"b":{"0":[1,2],"1":[9],"2":[0,9],"3":[0,9]},"meta":{"lastBranch":4,"lastFunction":3,"lastStatement":22,"seen":{"s:6:23:57:Infinity":0,"f:6:23:6:Infinity":0,"s:12:43:12:Infinity":1,"s:13:48:13:Infinity":2,"s:17:10:17:Infinity":3,"s:19:30:29:Infinity":4,"f:19:30:19:37":1,"b:20:8:23:Infinity:undefined:undefined:undefined:undefined":0,"s:20:8:23:Infinity":5,"s:21:12:21:Infinity":6,"s:22:12:22:Infinity":7,"s:25:21:25:Infinity":8,"s:26:8:26:Infinity":9,"s:27:8:27:Infinity":10,"s:31:25:46:Infinity":11,"f:31:25:31:32":2,"b:31:48:31:50":1,"s:33:21:33:Infinity":12,"b:35:8:35:Infinity:undefined:undefined:undefined:undefined":2,"s:35:8:35:Infinity":13,"s:35:31:35:Infinity":14,"b:37:8:37:Infinity:undefined:undefined:undefined:undefined":3,"s:37:8:37:Infinity":15,"s:37:42:37:Infinity":16,"s:38:8:38:Infinity":17,"s:41:21:41:Infinity":18,"s:43:8:43:Infinity":19,"s:45:8:45:Infinity":20,"s:48:4:56:Infinity":21}}}
,"C:\\Users\\budni\\OneDrive\\Desktop\\Proyectos\\React\\gifs-app\\src\\shared\\components\\CustomHeader.tsx": {"path":"C:\\Users\\budni\\OneDrive\\Desktop\\Proyectos\\React\\gifs-app\\src\\shared\\components\\CustomHeader.tsx","statementMap":{"0":{"start":{"line":6,"column":28},"end":{"line":13,"column":null}}},"fnMap":{"0":{"name":"(anonymous_0)","decl":{"start":{"line":6,"column":28},"end":{"line":6,"column":29}},"loc":{"start":{"line":6,"column":57},"end":{"line":13,"column":null}},"line":6}},"branchMap":{},"s":{"0":2},"f":{"0":4},"b":{},"meta":{"lastBranch":0,"lastFunction":1,"lastStatement":1,"seen":{"s:6:28:13:Infinity":0,"f:6:28:6:29":0}}}
,"C:\\Users\\budni\\OneDrive\\Desktop\\Proyectos\\React\\gifs-app\\src\\shared\\components\\SearchBar.tsx": {"path":"C:\\Users\\budni\\OneDrive\\Desktop\\Proyectos\\React\\gifs-app\\src\\shared\\components\\SearchBar.tsx","statementMap":{"0":{"start":{"line":12,"column":25},"end":{"line":57,"column":null}},"1":{"start":{"line":15,"column":27},"end":{"line":15,"column":null}},"2":{"start":{"line":18,"column":4},"end":{"line":28,"column":null}},"3":{"start":{"line":21,"column":26},"end":{"line":21,"column":null}},"4":{"start":{"line":21,"column":45},"end":{"line":21,"column":61}},"5":{"start":{"line":26,"column":8},"end":{"line":26,"column":50}},"6":{"start":{"line":26,"column":23},"end":{"line":26,"column":47}},"7":{"start":{"line":33,"column":25},"end":{"line":35,"column":null}},"8":{"start":{"line":34,"column":8},"end":{"line":34,"column":24}},"9":{"start":{"line":38,"column":26},"end":{"line":42,"column":null}},"10":{"start":{"line":39,"column":8},"end":{"line":41,"column":null}},"11":{"start":{"line":40,"column":12},"end":{"line":40,"column":null}},"12":{"start":{"line":50,"column":37},"end":{"line":50,"column":null}}},"fnMap":{"0":{"name":"(anonymous_0)","decl":{"start":{"line":12,"column":25},"end":{"line":12,"column":26}},"loc":{"start":{"line":12,"column":68},"end":{"line":57,"column":null}},"line":12},"1":{"name":"(anonymous_1)","decl":{"start":{"line":18,"column":14},"end":{"line":18,"column":null}},"loc":{"start":{"line":18,"column":14},"end":{"line":28,"column":7}},"line":18},"2":{"name":"(anonymous_2)","decl":{"start":{"line":21,"column":37},"end":{"line":21,"column":45}},"loc":{"start":{"line":21,"column":37},"end":{"line":21,"column":64}},"line":21},"3":{"name":"(anonymous_3)","decl":{"start":{"line":26,"column":15},"end":{"line":26,"column":23}},"loc":{"start":{"line":26,"column":15},"end":{"line":26,"column":50}},"line":26},"4":{"name":"(anonymous_4)","decl":{"start":{"line":33,"column":25},"end":{"line":33,"column":null}},"loc":{"start":{"line":33,"column":25},"end":{"line":35,"column":null}},"line":33},"5":{"name":"(anonymous_5)","decl":{"start":{"line":38,"column":26},"end":{"line":38,"column":27}},"loc":{"start":{"line":38,"column":27},"end":{"line":42,"column":null}},"line":38},"6":{"name":"(anonymous_6)","decl":{"start":{"line":50,"column":26},"end":{"line":50,"column":27}},"loc":{"start":{"line":50,"column":37},"end":{"line":50,"column":null}},"line":50}},"branchMap":{"0":{"loc":{"start":{"line":12,"column":28},"end":{"line":12,"column":50}},"type":"default-arg","locations":[{"start":{"line":12,"column":42},"end":{"line":12,"column":50}}],"line":12},"1":{"loc":{"start":{"line":39,"column":8},"end":{"line":41,"column":null}},"type":"if","locations":[{"start":{"line":39,"column":8},"end":{"line":41,"column":null}},{"start":{},"end":{}}],"line":39}},"s":{"0":2,"1":11,"2":11,"3":11,"4":2,"5":11,"6":11,"7":11,"8":1,"9":11,"10":0,"11":0,"12":6},"f":{"0":11,"1":11,"2":2,"3":11,"4":1,"5":0,"6":6},"b":{"0":[11],"1":[0,0]},"meta":{"lastBranch":2,"lastFunction":7,"lastStatement":13,"seen":{"s:12:25:57:Infinity":0,"f:12:25:12:26":0,"b:12:42:12:50":0,"s:15:27:15:Infinity":1,"s:18:4:28:Infinity":2,"f:18:14:18:Infinity":1,"s:21:26:21:Infinity":3,"f:21:37:21:45":2,"s:21:45:21:61":4,"s:26:8:26:50":5,"f:26:15:26:23":3,"s:26:23:26:47":6,"s:33:25:35:Infinity":7,"f:33:25:33:Infinity":4,"s:34:8:34:24":8,"s:38:26:42:Infinity":9,"f:38:26:38:27":5,"b:39:8:41:Infinity:undefined:undefined:undefined:undefined":1,"s:39:8:41:Infinity":10,"s:40:12:40:Infinity":11,"f:50:26:50:27":6,"s:50:37:50:Infinity":12}}}
}
